<?xml version="1.0" encoding="UTF-8"?>
<testsuite xmlns:xsi="http://www.w3.org/2001/XMLSchema-instance" xsi:noNamespaceSchemaLocation="https://maven.apache.org/surefire/maven-surefire-plugin/xsd/surefire-test-report-3.0.xsd" version="3.0" name="RunnerTest" time="5.715" tests="1" errors="0" skipped="0" failures="0">
  <properties>
[...]
</properties>
  <testcase name="Validar que el id sea igual a 2" classname="Validar el campo id del servicio posts" time="4.631">
    <system-out><![CDATA[
Scenario: Validar que el id sea igual a 2  &amp#27;[90m# src/test/resources/features/validar_id.feature:3&amp#27;[0m
  &amp#27;[32mGiven &amp#27;[0m&amp#27;[32mconsumo el servicio posts con id 2&amp#27;[0m &amp#27;[90m# steps.ValidarIdSteps.consumo_el_servicio_posts_con_id_2()&amp#27;[0m
  &amp#27;[32mWhen &amp#27;[0m&amp#27;[32mejecuto la peticion GET&amp#27;[0m             &amp#27;[90m# steps.ValidarIdSteps.ejecuto_la_peticion_get()&amp#27;[0m
  &amp#27;[32mThen &amp#27;[0m&amp#27;[32mel campo id debe ser igual a 2&amp#27;[0m      &amp#27;[90m# steps.ValidarIdSteps.el_campo_id_debe_ser_igual_a_2()&amp#27;[0m
]]></system-out>
  </testcase>
</testsuite>